<?xml version='1.0' encoding='UTF-8'?>
<flow-definition plugin="workflow-job@2.9">
  <actions/>
  <description></description>
  <keepDependencies>false</keepDependencies>
  <properties>
    <hudson.model.ParametersDefinitionProperty>
      <parameterDefinitions>
        <hudson.model.StringParameterDefinition>
          <name>APIGEE_ORG</name>
          <description></description>
          <defaultValue>friasc</defaultValue>
        </hudson.model.StringParameterDefinition>
        <hudson.model.StringParameterDefinition>
          <name>APIGEE_USERNAME</name>
          <description></description>
          <defaultValue>friasc@google.com</defaultValue>
        </hudson.model.StringParameterDefinition>
        <hudson.model.PasswordParameterDefinition>
          <name>APIGEE_PASSWORD</name>
          <description></description>
        </hudson.model.PasswordParameterDefinition>
        <hudson.model.StringParameterDefinition>
          <name>DEPLOYMENT_SUFFIX</name>
          <description></description>
          <defaultValue>jenkins_pipeline</defaultValue>
        </hudson.model.StringParameterDefinition>
        <hudson.model.StringParameterDefinition>
          <name>PROFILE</name>
          <description></description>
          <defaultValue>test</defaultValue>
        </hudson.model.StringParameterDefinition>
      </parameterDefinitions>
    </hudson.model.ParametersDefinitionProperty>
    <org.jenkinsci.plugins.workflow.job.properties.PipelineTriggersJobProperty>
      <triggers>
        <hudson.triggers.SCMTrigger>
          <spec>* * * * *</spec>
          <ignorePostCommitHooks>false</ignorePostCommitHooks>
        </hudson.triggers.SCMTrigger>
      </triggers>
    </org.jenkinsci.plugins.workflow.job.properties.PipelineTriggersJobProperty>
  </properties>
  <definition class="org.jenkinsci.plugins.workflow.cps.CpsScmFlowDefinition" plugin="workflow-cps@2.24">
    <scm class="hudson.plugins.git.GitSCM" plugin="git@3.2.0">
      <configVersion>2</configVersion>
      <userRemoteConfigs>
        <hudson.plugins.git.UserRemoteConfig>
          <url>git@github.com:carlosfrias/test-ci.git</url>
          <credentialsId>carlosfrias</credentialsId>
        </hudson.plugins.git.UserRemoteConfig>
      </userRemoteConfigs>
      <branches>
        <hudson.plugins.git.BranchSpec>
          <name>*/master</name>
        </hudson.plugins.git.BranchSpec>
      </branches>
      <doGenerateSubmoduleConfigurations>false</doGenerateSubmoduleConfigurations>
      <submoduleCfg class="list"/>
      <extensions/>
    </scm>
    <scriptPath>Jenkinsfile</scriptPath>
  </definition>
  <triggers/>
</flow-definition>
